<?xml version="1.0" encoding="UTF-8"?>
<coverage generated="1692258386711" clover="3.2.0">
  <project timestamp="1692258386711" name="All files">
    <metrics statements="59" coveredstatements="43" conditionals="16" coveredconditionals="12" methods="27" coveredmethods="16" elements="102" coveredelements="71" complexity="0" loc="59" ncloc="59" packages="9" files="11" classes="11"/>
    <package name="src">
      <metrics statements="1" coveredstatements="1" conditionals="0" coveredconditionals="0" methods="1" coveredmethods="1"/>
      <file name="App.jsx" path="C:\Users\sidra\Downloads\UoL\UoL final project\UoL Final project code\quranic-ayah-finder\src\App.jsx">
        <metrics statements="1" coveredstatements="1" conditionals="0" coveredconditionals="0" methods="1" coveredmethods="1"/>
        <line num="15" count="7" type="stmt"/>
      </file>
    </package>
    <package name="src.components.Navbar">
      <metrics statements="5" coveredstatements="5" conditionals="2" coveredconditionals="2" methods="2" coveredmethods="2"/>
      <file name="Navbar.jsx" path="C:\Users\sidra\Downloads\UoL\UoL final project\UoL Final project code\quranic-ayah-finder\src\components\Navbar\Navbar.jsx">
        <metrics statements="5" coveredstatements="5" conditionals="2" coveredconditionals="2" methods="2" coveredmethods="2"/>
        <line num="4" count="7" type="stmt"/>
        <line num="32" count="42" type="stmt"/>
        <line num="33" count="42" type="stmt"/>
        <line num="34" count="42" type="stmt"/>
        <line num="36" count="42" type="stmt"/>
      </file>
    </package>
    <package name="src.components.SearchBar">
      <metrics statements="46" coveredstatements="30" conditionals="14" coveredconditionals="10" methods="18" coveredmethods="7"/>
      <file name="SearchBar.jsx" path="C:\Users\sidra\Downloads\UoL\UoL final project\UoL Final project code\quranic-ayah-finder\src\components\SearchBar\SearchBar.jsx">
        <metrics statements="19" coveredstatements="9" conditionals="10" coveredconditionals="6" methods="9" coveredmethods="2"/>
        <line num="8" count="15" type="stmt"/>
        <line num="9" count="13" type="stmt"/>
        <line num="10" count="13" type="stmt"/>
        <line num="11" count="13" type="stmt"/>
        <line num="12" count="13" type="stmt"/>
        <line num="22" count="13" type="stmt"/>
        <line num="23" count="0" type="stmt"/>
        <line num="24" count="0" type="stmt"/>
        <line num="25" count="0" type="stmt"/>
        <line num="27" count="0" type="stmt"/>
        <line num="28" count="0" type="stmt"/>
        <line num="32" count="13" type="stmt"/>
        <line num="33" count="0" type="stmt"/>
        <line num="34" count="0" type="stmt"/>
        <line num="37" count="13" type="stmt"/>
        <line num="43" count="0" type="stmt"/>
        <line num="47" count="5" type="stmt"/>
        <line num="89" count="0" type="stmt"/>
        <line num="101" count="0" type="stmt"/>
      </file>
      <file name="SearchModal.jsx" path="C:\Users\sidra\Downloads\UoL\UoL final project\UoL Final project code\quranic-ayah-finder\src\components\SearchBar\SearchModal.jsx">
        <metrics statements="27" coveredstatements="21" conditionals="4" coveredconditionals="4" methods="9" coveredmethods="5"/>
        <line num="8" count="9" type="stmt"/>
        <line num="9" count="9" type="stmt"/>
        <line num="11" count="9" type="stmt"/>
        <line num="12" count="2" type="stmt"/>
        <line num="13" count="2" type="stmt"/>
        <line num="14" count="2" type="stmt"/>
        <line num="17" count="9" type="stmt"/>
        <line num="18" count="3" type="cond" truecount="2" falsecount="0"/>
        <line num="19" count="1" type="stmt"/>
        <line num="20" count="2" type="cond" truecount="2" falsecount="0"/>
        <line num="21" count="1" type="stmt"/>
        <line num="24" count="1" type="stmt"/>
        <line num="25" count="1" type="stmt"/>
        <line num="26" count="1" type="stmt"/>
        <line num="27" count="1" type="stmt"/>
        <line num="28" count="1" type="stmt"/>
        <line num="30" count="1" type="stmt"/>
        <line num="34" count="0" type="stmt"/>
        <line num="36" count="0" type="stmt"/>
        <line num="37" count="0" type="stmt"/>
        <line num="38" count="0" type="stmt"/>
        <line num="40" count="0" type="stmt"/>
        <line num="59" count="9" type="stmt"/>
        <line num="77" count="0" type="stmt"/>
        <line num="86" count="3" type="stmt"/>
        <line num="90" count="3" type="stmt"/>
        <line num="91" count="3" type="stmt"/>
      </file>
    </package>
    <package name="src.pages.DiscussionForum">
      <metrics statements="1" coveredstatements="1" conditionals="0" coveredconditionals="0" methods="1" coveredmethods="1"/>
      <file name="DiscussionForum.jsx" path="C:\Users\sidra\Downloads\UoL\UoL final project\UoL Final project code\quranic-ayah-finder\src\pages\DiscussionForum\DiscussionForum.jsx">
        <metrics statements="1" coveredstatements="1" conditionals="0" coveredconditionals="0" methods="1" coveredmethods="1"/>
        <line num="2" count="1" type="stmt"/>
      </file>
    </package>
    <package name="src.pages.FAQs">
      <metrics statements="1" coveredstatements="1" conditionals="0" coveredconditionals="0" methods="1" coveredmethods="1"/>
      <file name="FAQ.jsx" path="C:\Users\sidra\Downloads\UoL\UoL final project\UoL Final project code\quranic-ayah-finder\src\pages\FAQs\FAQ.jsx">
        <metrics statements="1" coveredstatements="1" conditionals="0" coveredconditionals="0" methods="1" coveredmethods="1"/>
        <line num="2" count="2" type="stmt"/>
      </file>
    </package>
    <package name="src.pages.Guides">
      <metrics statements="1" coveredstatements="1" conditionals="0" coveredconditionals="0" methods="1" coveredmethods="1"/>
      <file name="Guides.jsx" path="C:\Users\sidra\Downloads\UoL\UoL final project\UoL Final project code\quranic-ayah-finder\src\pages\Guides\Guides.jsx">
        <metrics statements="1" coveredstatements="1" conditionals="0" coveredconditionals="0" methods="1" coveredmethods="1"/>
        <line num="2" count="2" type="stmt"/>
      </file>
    </package>
    <package name="src.pages.Home">
      <metrics statements="1" coveredstatements="1" conditionals="0" coveredconditionals="0" methods="1" coveredmethods="1"/>
      <file name="Home.jsx" path="C:\Users\sidra\Downloads\UoL\UoL final project\UoL Final project code\quranic-ayah-finder\src\pages\Home\Home.jsx">
        <metrics statements="1" coveredstatements="1" conditionals="0" coveredconditionals="0" methods="1" coveredmethods="1"/>
        <line num="4" count="7" type="stmt"/>
      </file>
    </package>
    <package name="src.pages.SignUp">
      <metrics statements="1" coveredstatements="1" conditionals="0" coveredconditionals="0" methods="1" coveredmethods="1"/>
      <file name="SignUp.jsx" path="C:\Users\sidra\Downloads\UoL\UoL final project\UoL Final project code\quranic-ayah-finder\src\pages\SignUp\SignUp.jsx">
        <metrics statements="1" coveredstatements="1" conditionals="0" coveredconditionals="0" methods="1" coveredmethods="1"/>
        <line num="2" count="2" type="stmt"/>
      </file>
    </package>
    <package name="tests.mocks">
      <metrics statements="2" coveredstatements="2" conditionals="0" coveredconditionals="0" methods="1" coveredmethods="1"/>
      <file name="Image.jsx" path="C:\Users\sidra\Downloads\UoL\UoL final project\UoL Final project code\quranic-ayah-finder\tests\mocks\Image.jsx">
        <metrics statements="1" coveredstatements="1" conditionals="0" coveredconditionals="0" methods="1" coveredmethods="1"/>
        <line num="4" count="1" type="stmt"/>
      </file>
      <file name="styleMock.js" path="C:\Users\sidra\Downloads\UoL\UoL final project\UoL Final project code\quranic-ayah-finder\tests\mocks\styleMock.js">
        <metrics statements="1" coveredstatements="1" conditionals="0" coveredconditionals="0" methods="0" coveredmethods="0"/>
        <line num="1" count="3" type="stmt"/>
      </file>
    </package>
  </project>
</coverage>
