{"C:\\Users\\sidra\\Downloads\\UoL\\UoL final project\\UoL Final project code\\quranic-ayah-finder\\src\\App.jsx": {"path":"C:\\Users\\sidra\\Downloads\\UoL\\UoL final project\\UoL Final project code\\quranic-ayah-finder\\src\\App.jsx","statementMap":{"0":{"start":{"line":15,"column":2},"end":{"line":29,"column":3}}},"fnMap":{"0":{"name":"App","decl":{"start":{"line":13,"column":9},"end":{"line":13,"column":12}},"loc":{"start":{"line":13,"column":15},"end":{"line":30,"column":1}},"line":13}},"branchMap":{},"s":{"0":7},"f":{"0":7},"b":{},"_coverageSchema":"1a1c01bbd47fc00a2c39e90264f33305004495a9","hash":"caf80b3b054be2335c4a04641b65c780b6573888"}
,"C:\\Users\\sidra\\Downloads\\UoL\\UoL final project\\UoL Final project code\\quranic-ayah-finder\\src\\components\\Navbar\\Navbar.jsx": {"path":"C:\\Users\\sidra\\Downloads\\UoL\\UoL final project\\UoL Final project code\\quranic-ayah-finder\\src\\components\\Navbar\\Navbar.jsx","statementMap":{"0":{"start":{"line":4,"column":4},"end":{"line":28,"column":5}},"1":{"start":{"line":32,"column":25},"end":{"line":32,"column":44}},"2":{"start":{"line":33,"column":21},"end":{"line":33,"column":71}},"3":{"start":{"line":34,"column":20},"end":{"line":34,"column":35}},"4":{"start":{"line":36,"column":4},"end":{"line":40,"column":5}}},"fnMap":{"0":{"name":"Navbar","decl":{"start":{"line":3,"column":24},"end":{"line":3,"column":30}},"loc":{"start":{"line":3,"column":33},"end":{"line":29,"column":1}},"line":3},"1":{"name":"CustomLink","decl":{"start":{"line":31,"column":9},"end":{"line":31,"column":19}},"loc":{"start":{"line":31,"column":48},"end":{"line":41,"column":1}},"line":31}},"branchMap":{"0":{"loc":{"start":{"line":37,"column":23},"end":{"line":37,"column":64}},"type":"cond-expr","locations":[{"start":{"line":37,"column":35},"end":{"line":37,"column":54}},{"start":{"line":37,"column":57},"end":{"line":37,"column":64}}],"line":37}},"s":{"0":7,"1":42,"2":42,"3":42,"4":42},"f":{"0":7,"1":42},"b":{"0":[7,35]},"_coverageSchema":"1a1c01bbd47fc00a2c39e90264f33305004495a9","hash":"e1bc75686f42e29a312302fccbdc43c832a700e2"}
,"C:\\Users\\sidra\\Downloads\\UoL\\UoL final project\\UoL Final project code\\quranic-ayah-finder\\src\\components\\SearchBar\\SearchBar.jsx": {"path":"C:\\Users\\sidra\\Downloads\\UoL\\UoL final project\\UoL Final project code\\quranic-ayah-finder\\src\\components\\SearchBar\\SearchBar.jsx","statementMap":{"0":{"start":{"line":8,"column":30},"end":{"line":8,"column":42}},"1":{"start":{"line":9,"column":32},"end":{"line":9,"column":44}},"2":{"start":{"line":10,"column":38},"end":{"line":10,"column":53}},"3":{"start":{"line":11,"column":44},"end":{"line":11,"column":56}},"4":{"start":{"line":12,"column":44},"end":{"line":12,"column":54}},"5":{"start":{"line":22,"column":22},"end":{"line":30,"column":5}},"6":{"start":{"line":23,"column":20},"end":{"line":23,"column":74}},"7":{"start":{"line":24,"column":8},"end":{"line":29,"column":13}},"8":{"start":{"line":25,"column":32},"end":{"line":25,"column":47}},"9":{"start":{"line":27,"column":17},"end":{"line":27,"column":38}},"10":{"start":{"line":28,"column":16},"end":{"line":28,"column":67}},"11":{"start":{"line":32,"column":25},"end":{"line":35,"column":5}},"12":{"start":{"line":33,"column":8},"end":{"line":33,"column":23}},"13":{"start":{"line":34,"column":8},"end":{"line":34,"column":24}},"14":{"start":{"line":37,"column":4},"end":{"line":112,"column":5}},"15":{"start":{"line":43,"column":47},"end":{"line":43,"column":75}},"16":{"start":{"line":47,"column":31},"end":{"line":47,"column":49}},"17":{"start":{"line":89,"column":39},"end":{"line":89,"column":50}},"18":{"start":{"line":101,"column":20},"end":{"line":103,"column":26}}},"fnMap":{"0":{"name":"Searchbar","decl":{"start":{"line":7,"column":24},"end":{"line":7,"column":33}},"loc":{"start":{"line":7,"column":36},"end":{"line":113,"column":1}},"line":7},"1":{"name":"(anonymous_1)","decl":{"start":{"line":22,"column":22},"end":{"line":22,"column":23}},"loc":{"start":{"line":22,"column":28},"end":{"line":30,"column":5}},"line":22},"2":{"name":"(anonymous_2)","decl":{"start":{"line":25,"column":18},"end":{"line":25,"column":19}},"loc":{"start":{"line":25,"column":32},"end":{"line":25,"column":47}},"line":25},"3":{"name":"(anonymous_3)","decl":{"start":{"line":26,"column":18},"end":{"line":26,"column":19}},"loc":{"start":{"line":27,"column":16},"end":{"line":28,"column":68}},"line":27},"4":{"name":"(anonymous_4)","decl":{"start":{"line":32,"column":25},"end":{"line":32,"column":26}},"loc":{"start":{"line":32,"column":36},"end":{"line":35,"column":5}},"line":32},"5":{"name":"(anonymous_5)","decl":{"start":{"line":43,"column":40},"end":{"line":43,"column":41}},"loc":{"start":{"line":43,"column":47},"end":{"line":43,"column":75}},"line":43},"6":{"name":"(anonymous_6)","decl":{"start":{"line":47,"column":25},"end":{"line":47,"column":26}},"loc":{"start":{"line":47,"column":31},"end":{"line":47,"column":49}},"line":47},"7":{"name":"(anonymous_7)","decl":{"start":{"line":89,"column":33},"end":{"line":89,"column":34}},"loc":{"start":{"line":89,"column":39},"end":{"line":89,"column":50}},"line":89},"8":{"name":"(anonymous_8)","decl":{"start":{"line":100,"column":52},"end":{"line":100,"column":53}},"loc":{"start":{"line":101,"column":20},"end":{"line":103,"column":26}},"line":101}},"branchMap":{"0":{"loc":{"start":{"line":52,"column":13},"end":{"line":61,"column":20}},"type":"cond-expr","locations":[{"start":{"line":53,"column":16},"end":{"line":60,"column":19}},{"start":{"line":61,"column":16},"end":{"line":61,"column":20}}],"line":52},"1":{"loc":{"start":{"line":80,"column":13},"end":{"line":91,"column":12}},"type":"cond-expr","locations":[{"start":{"line":81,"column":16},"end":{"line":85,"column":21}},{"start":{"line":87,"column":16},"end":{"line":90,"column":19}}],"line":80},"2":{"loc":{"start":{"line":80,"column":13},"end":{"line":80,"column":54}},"type":"binary-expr","locations":[{"start":{"line":80,"column":13},"end":{"line":80,"column":26}},{"start":{"line":80,"column":30},"end":{"line":80,"column":54}}],"line":80},"3":{"loc":{"start":{"line":94,"column":13},"end":{"line":109,"column":12}},"type":"cond-expr","locations":[{"start":{"line":95,"column":16},"end":{"line":95,"column":27}},{"start":{"line":97,"column":16},"end":{"line":108,"column":19}}],"line":94},"4":{"loc":{"start":{"line":94,"column":13},"end":{"line":94,"column":54}},"type":"binary-expr","locations":[{"start":{"line":94,"column":13},"end":{"line":94,"column":26}},{"start":{"line":94,"column":30},"end":{"line":94,"column":54}}],"line":94}},"s":{"0":15,"1":13,"2":13,"3":13,"4":13,"5":13,"6":0,"7":0,"8":0,"9":0,"10":0,"11":13,"12":0,"13":0,"14":13,"15":0,"16":5,"17":0,"18":0},"f":{"0":15,"1":0,"2":0,"3":0,"4":0,"5":0,"6":5,"7":0,"8":0},"b":{"0":[5,8],"1":[13,0],"2":[13,0],"3":[13,0],"4":[13,0]},"_coverageSchema":"1a1c01bbd47fc00a2c39e90264f33305004495a9","hash":"f48459abfd25f0d3679fba4c9b4e86509b6b33ef"}
,"C:\\Users\\sidra\\Downloads\\UoL\\UoL final project\\UoL Final project code\\quranic-ayah-finder\\src\\components\\SearchBar\\SearchModal.jsx": {"path":"C:\\Users\\sidra\\Downloads\\UoL\\UoL final project\\UoL Final project code\\quranic-ayah-finder\\src\\components\\SearchBar\\SearchModal.jsx","statementMap":{"0":{"start":{"line":8,"column":30},"end":{"line":8,"column":40}},"1":{"start":{"line":9,"column":24},"end":{"line":9,"column":36}},"2":{"start":{"line":11,"column":24},"end":{"line":15,"column":5}},"3":{"start":{"line":12,"column":22},"end":{"line":12,"column":27}},"4":{"start":{"line":13,"column":8},"end":{"line":13,"column":45}},"5":{"start":{"line":14,"column":8},"end":{"line":14,"column":94}},"6":{"start":{"line":17,"column":27},"end":{"line":57,"column":5}},"7":{"start":{"line":18,"column":8},"end":{"line":41,"column":9}},"8":{"start":{"line":19,"column":12},"end":{"line":19,"column":72}},"9":{"start":{"line":20,"column":13},"end":{"line":41,"column":9}},"10":{"start":{"line":21,"column":12},"end":{"line":21,"column":69}},"11":{"start":{"line":24,"column":12},"end":{"line":24,"column":48}},"12":{"start":{"line":25,"column":12},"end":{"line":25,"column":31}},"13":{"start":{"line":26,"column":31},"end":{"line":26,"column":45}},"14":{"start":{"line":27,"column":12},"end":{"line":27,"column":57}},"15":{"start":{"line":28,"column":12},"end":{"line":28,"column":30}},"16":{"start":{"line":30,"column":12},"end":{"line":40,"column":47}},"17":{"start":{"line":34,"column":32},"end":{"line":34,"column":47}},"18":{"start":{"line":36,"column":16},"end":{"line":36,"column":37}},"19":{"start":{"line":37,"column":16},"end":{"line":37,"column":33}},"20":{"start":{"line":38,"column":16},"end":{"line":38,"column":59}},"21":{"start":{"line":40,"column":28},"end":{"line":40,"column":46}},"22":{"start":{"line":59,"column":4},"end":{"line":113,"column":5}},"23":{"start":{"line":77,"column":35},"end":{"line":77,"column":54}},"24":{"start":{"line":86,"column":92},"end":{"line":86,"column":119}},"25":{"start":{"line":90,"column":28},"end":{"line":90,"column":64}},"26":{"start":{"line":91,"column":28},"end":{"line":91,"column":44}}},"fnMap":{"0":{"name":"SearchModal","decl":{"start":{"line":7,"column":24},"end":{"line":7,"column":35}},"loc":{"start":{"line":7,"column":84},"end":{"line":114,"column":1}},"line":7},"1":{"name":"(anonymous_1)","decl":{"start":{"line":11,"column":24},"end":{"line":11,"column":25}},"loc":{"start":{"line":11,"column":50},"end":{"line":15,"column":5}},"line":11},"2":{"name":"(anonymous_2)","decl":{"start":{"line":17,"column":27},"end":{"line":17,"column":28}},"loc":{"start":{"line":17,"column":33},"end":{"line":57,"column":5}},"line":17},"3":{"name":"(anonymous_3)","decl":{"start":{"line":34,"column":18},"end":{"line":34,"column":19}},"loc":{"start":{"line":34,"column":32},"end":{"line":34,"column":47}},"line":34},"4":{"name":"(anonymous_4)","decl":{"start":{"line":35,"column":18},"end":{"line":35,"column":19}},"loc":{"start":{"line":35,"column":27},"end":{"line":39,"column":13}},"line":35},"5":{"name":"(anonymous_5)","decl":{"start":{"line":40,"column":19},"end":{"line":40,"column":20}},"loc":{"start":{"line":40,"column":28},"end":{"line":40,"column":46}},"line":40},"6":{"name":"(anonymous_6)","decl":{"start":{"line":77,"column":29},"end":{"line":77,"column":30}},"loc":{"start":{"line":77,"column":35},"end":{"line":77,"column":54}},"line":77},"7":{"name":"(anonymous_7)","decl":{"start":{"line":86,"column":85},"end":{"line":86,"column":86}},"loc":{"start":{"line":86,"column":92},"end":{"line":86,"column":119}},"line":86},"8":{"name":"(anonymous_8)","decl":{"start":{"line":89,"column":33},"end":{"line":89,"column":34}},"loc":{"start":{"line":89,"column":39},"end":{"line":104,"column":25}},"line":89}},"branchMap":{"0":{"loc":{"start":{"line":18,"column":8},"end":{"line":41,"column":9}},"type":"if","locations":[{"start":{"line":18,"column":8},"end":{"line":41,"column":9}},{"start":{"line":20,"column":13},"end":{"line":41,"column":9}}],"line":18},"1":{"loc":{"start":{"line":20,"column":13},"end":{"line":41,"column":9}},"type":"if","locations":[{"start":{"line":20,"column":13},"end":{"line":41,"column":9}},{"start":{"line":22,"column":13},"end":{"line":41,"column":9}}],"line":20}},"s":{"0":9,"1":9,"2":9,"3":2,"4":2,"5":2,"6":9,"7":3,"8":1,"9":2,"10":1,"11":1,"12":1,"13":1,"14":1,"15":1,"16":1,"17":0,"18":0,"19":0,"20":0,"21":0,"22":9,"23":0,"24":3,"25":3,"26":3},"f":{"0":9,"1":2,"2":3,"3":0,"4":0,"5":0,"6":0,"7":3,"8":3},"b":{"0":[1,2],"1":[1,1]},"_coverageSchema":"1a1c01bbd47fc00a2c39e90264f33305004495a9","hash":"3fbd66ee80c081ee5fc79bfb880ece2c3d0337e9"}
,"C:\\Users\\sidra\\Downloads\\UoL\\UoL final project\\UoL Final project code\\quranic-ayah-finder\\src\\pages\\DiscussionForum\\DiscussionForum.jsx": {"path":"C:\\Users\\sidra\\Downloads\\UoL\\UoL final project\\UoL Final project code\\quranic-ayah-finder\\src\\pages\\DiscussionForum\\DiscussionForum.jsx","statementMap":{"0":{"start":{"line":2,"column":4},"end":{"line":2,"column":36}}},"fnMap":{"0":{"name":"DiscussionForums","decl":{"start":{"line":1,"column":24},"end":{"line":1,"column":40}},"loc":{"start":{"line":1,"column":43},"end":{"line":3,"column":1}},"line":1}},"branchMap":{},"s":{"0":1},"f":{"0":1},"b":{},"_coverageSchema":"1a1c01bbd47fc00a2c39e90264f33305004495a9","hash":"360aa71bcce48473a21c1ab03903b0b052ac6b6a"}
,"C:\\Users\\sidra\\Downloads\\UoL\\UoL final project\\UoL Final project code\\quranic-ayah-finder\\src\\pages\\FAQs\\FAQ.jsx": {"path":"C:\\Users\\sidra\\Downloads\\UoL\\UoL final project\\UoL Final project code\\quranic-ayah-finder\\src\\pages\\FAQs\\FAQ.jsx","statementMap":{"0":{"start":{"line":2,"column":4},"end":{"line":2,"column":23}}},"fnMap":{"0":{"name":"FAQ","decl":{"start":{"line":1,"column":24},"end":{"line":1,"column":27}},"loc":{"start":{"line":1,"column":30},"end":{"line":3,"column":1}},"line":1}},"branchMap":{},"s":{"0":2},"f":{"0":2},"b":{},"_coverageSchema":"1a1c01bbd47fc00a2c39e90264f33305004495a9","hash":"e45a7fb5b15f788ffc734c35d9d9d446d17a7fe8"}
,"C:\\Users\\sidra\\Downloads\\UoL\\UoL final project\\UoL Final project code\\quranic-ayah-finder\\src\\pages\\Guides\\Guides.jsx": {"path":"C:\\Users\\sidra\\Downloads\\UoL\\UoL final project\\UoL Final project code\\quranic-ayah-finder\\src\\pages\\Guides\\Guides.jsx","statementMap":{"0":{"start":{"line":2,"column":4},"end":{"line":2,"column":26}}},"fnMap":{"0":{"name":"Guides","decl":{"start":{"line":1,"column":24},"end":{"line":1,"column":30}},"loc":{"start":{"line":1,"column":33},"end":{"line":3,"column":1}},"line":1}},"branchMap":{},"s":{"0":2},"f":{"0":2},"b":{},"_coverageSchema":"1a1c01bbd47fc00a2c39e90264f33305004495a9","hash":"60c0cf0e70d1e4facda1331eb675c775afa14b9b"}
,"C:\\Users\\sidra\\Downloads\\UoL\\UoL final project\\UoL Final project code\\quranic-ayah-finder\\src\\pages\\Home\\Home.jsx": {"path":"C:\\Users\\sidra\\Downloads\\UoL\\UoL final project\\UoL Final project code\\quranic-ayah-finder\\src\\pages\\Home\\Home.jsx","statementMap":{"0":{"start":{"line":4,"column":4},"end":{"line":11,"column":5}}},"fnMap":{"0":{"name":"Home","decl":{"start":{"line":3,"column":24},"end":{"line":3,"column":28}},"loc":{"start":{"line":3,"column":31},"end":{"line":13,"column":1}},"line":3}},"branchMap":{},"s":{"0":7},"f":{"0":7},"b":{},"_coverageSchema":"1a1c01bbd47fc00a2c39e90264f33305004495a9","hash":"4534a764fd37cef6ab3b673e20ab7aec8de3a1cb"}
,"C:\\Users\\sidra\\Downloads\\UoL\\UoL final project\\UoL Final project code\\quranic-ayah-finder\\src\\pages\\SignUp\\SignUp.jsx": {"path":"C:\\Users\\sidra\\Downloads\\UoL\\UoL final project\\UoL Final project code\\quranic-ayah-finder\\src\\pages\\SignUp\\SignUp.jsx","statementMap":{"0":{"start":{"line":2,"column":4},"end":{"line":2,"column":26}}},"fnMap":{"0":{"name":"SignUp","decl":{"start":{"line":1,"column":24},"end":{"line":1,"column":30}},"loc":{"start":{"line":1,"column":33},"end":{"line":3,"column":1}},"line":1}},"branchMap":{},"s":{"0":2},"f":{"0":2},"b":{},"_coverageSchema":"1a1c01bbd47fc00a2c39e90264f33305004495a9","hash":"080086d85016e9f6c629fc1d3283be06996c757f"}
,"C:\\Users\\sidra\\Downloads\\UoL\\UoL final project\\UoL Final project code\\quranic-ayah-finder\\tests\\mocks\\Image.jsx": {"path":"C:\\Users\\sidra\\Downloads\\UoL\\UoL final project\\UoL Final project code\\quranic-ayah-finder\\tests\\mocks\\Image.jsx","statementMap":{"0":{"start":{"line":4,"column":4},"end":{"line":6,"column":5}}},"fnMap":{"0":{"name":"Image","decl":{"start":{"line":3,"column":24},"end":{"line":3,"column":29}},"loc":{"start":{"line":3,"column":32},"end":{"line":7,"column":1}},"line":3}},"branchMap":{},"s":{"0":1},"f":{"0":1},"b":{},"_coverageSchema":"1a1c01bbd47fc00a2c39e90264f33305004495a9","hash":"3203eaae44c76ecaf825d37267ec05f32a095ab5"}
,"C:\\Users\\sidra\\Downloads\\UoL\\UoL final project\\UoL Final project code\\quranic-ayah-finder\\tests\\mocks\\styleMock.js": {"path":"C:\\Users\\sidra\\Downloads\\UoL\\UoL final project\\UoL Final project code\\quranic-ayah-finder\\tests\\mocks\\styleMock.js","statementMap":{"0":{"start":{"line":1,"column":0},"end":{"line":1,"column":20}}},"fnMap":{},"branchMap":{},"s":{"0":3},"f":{},"b":{},"_coverageSchema":"1a1c01bbd47fc00a2c39e90264f33305004495a9","hash":"5731061f0e1ebbf1a1a4d0b4c75b8720a17def86"}
}
