TN:
SF:src\App.jsx
FN:13,App
FNF:1
FNH:1
FNDA:7,App
DA:15,7
LF:1
LH:1
BRF:0
BRH:0
end_of_record
TN:
SF:src\components\Navbar\Navbar.jsx
FN:3,Navbar
FN:31,CustomLink
FNF:2
FNH:2
FNDA:7,Navbar
FNDA:42,CustomLink
DA:4,7
DA:32,42
DA:33,42
DA:34,42
DA:36,42
LF:5
LH:5
BRDA:37,0,0,7
BRDA:37,0,1,35
BRF:2
BRH:2
end_of_record
TN:
SF:src\components\SearchBar\SearchBar.jsx
FN:7,Searchbar
FN:22,(anonymous_1)
FN:25,(anonymous_2)
FN:26,(anonymous_3)
FN:32,(anonymous_4)
FN:43,(anonymous_5)
FN:47,(anonymous_6)
FN:89,(anonymous_7)
FN:100,(anonymous_8)
FNF:9
FNH:2
FNDA:15,Searchbar
FNDA:0,(anonymous_1)
FNDA:0,(anonymous_2)
FNDA:0,(anonymous_3)
FNDA:0,(anonymous_4)
FNDA:0,(anonymous_5)
FNDA:5,(anonymous_6)
FNDA:0,(anonymous_7)
FNDA:0,(anonymous_8)
DA:8,15
DA:9,13
DA:10,13
DA:11,13
DA:12,13
DA:22,13
DA:23,0
DA:24,0
DA:25,0
DA:27,0
DA:28,0
DA:32,13
DA:33,0
DA:34,0
DA:37,13
DA:43,0
DA:47,5
DA:89,0
DA:101,0
LF:19
LH:9
BRDA:52,0,0,5
BRDA:52,0,1,8
BRDA:80,1,0,13
BRDA:80,1,1,0
BRDA:80,2,0,13
BRDA:80,2,1,0
BRDA:94,3,0,13
BRDA:94,3,1,0
BRDA:94,4,0,13
BRDA:94,4,1,0
BRF:10
BRH:6
end_of_record
TN:
SF:src\components\SearchBar\SearchModal.jsx
FN:7,SearchModal
FN:11,(anonymous_1)
FN:17,(anonymous_2)
FN:34,(anonymous_3)
FN:35,(anonymous_4)
FN:40,(anonymous_5)
FN:77,(anonymous_6)
FN:86,(anonymous_7)
FN:89,(anonymous_8)
FNF:9
FNH:5
FNDA:9,SearchModal
FNDA:2,(anonymous_1)
FNDA:3,(anonymous_2)
FNDA:0,(anonymous_3)
FNDA:0,(anonymous_4)
FNDA:0,(anonymous_5)
FNDA:0,(anonymous_6)
FNDA:3,(anonymous_7)
FNDA:3,(anonymous_8)
DA:8,9
DA:9,9
DA:11,9
DA:12,2
DA:13,2
DA:14,2
DA:17,9
DA:18,3
DA:19,1
DA:20,2
DA:21,1
DA:24,1
DA:25,1
DA:26,1
DA:27,1
DA:28,1
DA:30,1
DA:34,0
DA:36,0
DA:37,0
DA:38,0
DA:40,0
DA:59,9
DA:77,0
DA:86,3
DA:90,3
DA:91,3
LF:27
LH:21
BRDA:18,0,0,1
BRDA:18,0,1,2
BRDA:20,1,0,1
BRDA:20,1,1,1
BRF:4
BRH:4
end_of_record
TN:
SF:src\pages\DiscussionForum\DiscussionForum.jsx
FN:1,DiscussionForums
FNF:1
FNH:1
FNDA:1,DiscussionForums
DA:2,1
LF:1
LH:1
BRF:0
BRH:0
end_of_record
TN:
SF:src\pages\FAQs\FAQ.jsx
FN:1,FAQ
FNF:1
FNH:1
FNDA:2,FAQ
DA:2,2
LF:1
LH:1
BRF:0
BRH:0
end_of_record
TN:
SF:src\pages\Guides\Guides.jsx
FN:1,Guides
FNF:1
FNH:1
FNDA:2,Guides
DA:2,2
LF:1
LH:1
BRF:0
BRH:0
end_of_record
TN:
SF:src\pages\Home\Home.jsx
FN:3,Home
FNF:1
FNH:1
FNDA:7,Home
DA:4,7
LF:1
LH:1
BRF:0
BRH:0
end_of_record
TN:
SF:src\pages\SignUp\SignUp.jsx
FN:1,SignUp
FNF:1
FNH:1
FNDA:2,SignUp
DA:2,2
LF:1
LH:1
BRF:0
BRH:0
end_of_record
TN:
SF:tests\mocks\Image.jsx
FN:3,Image
FNF:1
FNH:1
FNDA:1,Image
DA:4,1
LF:1
LH:1
BRF:0
BRH:0
end_of_record
TN:
SF:tests\mocks\styleMock.js
FNF:0
FNH:0
DA:1,3
LF:1
LH:1
BRF:0
BRH:0
end_of_record
